Running with n_threads=2, best_out_of=1
Running test_standard(), operation="read"
  vusize=8, num_th_sim=12, num_th_finder=2
  sizeof(Track)=256, sizeof(Hit)=40, sizeof(SVector3)=12, sizeof(SMatrixSym33)=24, sizeof(MCHitInfo)=16
- reading seeds from file
Constructing SimpleGeometry Cylinder geometry
TrackerInfo::ExecTrackerInfoCreatorPlugin processing 'Geoms/CMS-2017.so'
CMS-2017 -- Create_TrackerInfo finished
Opened file 'memoryFile.fv3.clean.writeAll.recT.072617.bin', format version 3, n_max_trk_hits 32, n_layers 72, n_events 4550
  Extra sections: Seeds CmsswTracks

================================================================
=== TOTAL for 4550 events
================================================================
Total Matriplex fit = 0.00000  --- Build  BHMX = 0.00000  STDMX = 0.00000  CEMX = 1934.52551  FVMX = 0.00000
Total event > 1 fit = 0.00000  --- Build  BHMX = 0.00000  STDMX = 0.00000  CEMX = 1934.23761  FVMX = 0.00000
Total event loop time 3368.11062 simtracks 45682378 seedtracks 9551396
Running with n_threads=2, best_out_of=1
Running test_standard(), operation="read"
  vusize=8, num_th_sim=12, num_th_finder=2
  sizeof(Track)=256, sizeof(Hit)=40, sizeof(SVector3)=12, sizeof(SMatrixSym33)=24, sizeof(MCHitInfo)=16
- reading seeds from file
Constructing SimpleGeometry Cylinder geometry
TrackerInfo::ExecTrackerInfoCreatorPlugin processing 'Geoms/CMS-2017.so'
CMS-2017 -- Create_TrackerInfo finished
Opened file 'memoryFile.fv3.clean.writeAll.recT.072617.bin', format version 3, n_max_trk_hits 32, n_layers 72, n_events 4550
  Extra sections: Seeds CmsswTracks

================================================================
=== TOTAL for 4550 events
================================================================
Total Matriplex fit = 0.00000  --- Build  BHMX = 0.00000  STDMX = 0.00000  CEMX = 1932.83876  FVMX = 0.00000
Total event > 1 fit = 0.00000  --- Build  BHMX = 0.00000  STDMX = 0.00000  CEMX = 1932.55156  FVMX = 0.00000
Total event loop time 2969.86883 simtracks 45682378 seedtracks 9551396
Running with n_threads=2, best_out_of=1
Running test_standard(), operation="read"
  vusize=8, num_th_sim=12, num_th_finder=2
  sizeof(Track)=256, sizeof(Hit)=40, sizeof(SVector3)=12, sizeof(SMatrixSym33)=24, sizeof(MCHitInfo)=16
- reading seeds from file
Constructing SimpleGeometry Cylinder geometry
TrackerInfo::ExecTrackerInfoCreatorPlugin processing 'Geoms/CMS-2017.so'
CMS-2017 -- Create_TrackerInfo finished
Opened file 'memoryFile.fv3.clean.writeAll.recT.072617.bin', format version 3, n_max_trk_hits 32, n_layers 72, n_events 4550
  Extra sections: Seeds CmsswTracks

================================================================
=== TOTAL for 4550 events
================================================================
Total Matriplex fit = 0.00000  --- Build  BHMX = 0.00000  STDMX = 0.00000  CEMX = 1939.04645  FVMX = 0.00000
Total event > 1 fit = 0.00000  --- Build  BHMX = 0.00000  STDMX = 0.00000  CEMX = 1938.75973  FVMX = 0.00000
Total event loop time 2966.45908 simtracks 45682378 seedtracks 9551396
Running with n_threads=8, best_out_of=1
Running test_standard(), operation="read"
  vusize=8, num_th_sim=12, num_th_finder=8
  sizeof(Track)=256, sizeof(Hit)=40, sizeof(SVector3)=12, sizeof(SMatrixSym33)=24, sizeof(MCHitInfo)=16
- reading seeds from file
Constructing SimpleGeometry Cylinder geometry
/home/users/gravelle/taucmdr-enterprise-2/system/tau/tau-2.27/x86_64/bin/tau_exec: line 1087: 272629 Segmentation fault      (core dumped) $dryrun $@
mv: cannot stat ‘MULTI__TIME’: No such file or directory
mv: cannot stat ‘MULTI__PAPI_TLB_DM’: No such file or directory
Running with n_threads=8, best_out_of=1
Running test_standard(), operation="read"
  vusize=8, num_th_sim=12, num_th_finder=8
  sizeof(Track)=256, sizeof(Hit)=40, sizeof(SVector3)=12, sizeof(SMatrixSym33)=24, sizeof(MCHitInfo)=16
- reading seeds from file
Constructing SimpleGeometry Cylinder geometry
TrackerInfo::ExecTrackerInfoCreatorPlugin processing 'Geoms/CMS-2017.so'
CMS-2017 -- Create_TrackerInfo finished
Opened file 'memoryFile.fv3.clean.writeAll.recT.072617.bin', format version 3, n_max_trk_hits 32, n_layers 72, n_events 4550
  Extra sections: Seeds CmsswTracks

================================================================
=== TOTAL for 4550 events
================================================================
Total Matriplex fit = 0.00000  --- Build  BHMX = 0.00000  STDMX = 0.00000  CEMX = 575.89501  FVMX = 0.00000
Total event > 1 fit = 0.00000  --- Build  BHMX = 0.00000  STDMX = 0.00000  CEMX = 575.69793  FVMX = 0.00000
Total event loop time 1525.88221 simtracks 45682378 seedtracks 9551396
Running with n_threads=8, best_out_of=1
Running test_standard(), operation="read"
  vusize=8, num_th_sim=12, num_th_finder=8
  sizeof(Track)=256, sizeof(Hit)=40, sizeof(SVector3)=12, sizeof(SMatrixSym33)=24, sizeof(MCHitInfo)=16
- reading seeds from file
Constructing SimpleGeometry Cylinder geometry
TrackerInfo::ExecTrackerInfoCreatorPlugin processing 'Geoms/CMS-2017.so'
CMS-2017 -- Create_TrackerInfo finished
Opened file 'memoryFile.fv3.clean.writeAll.recT.072617.bin', format version 3, n_max_trk_hits 32, n_layers 72, n_events 4550
  Extra sections: Seeds CmsswTracks

================================================================
=== TOTAL for 4550 events
================================================================
Total Matriplex fit = 0.00000  --- Build  BHMX = 0.00000  STDMX = 0.00000  CEMX = 532.92939  FVMX = 0.00000
Total event > 1 fit = 0.00000  --- Build  BHMX = 0.00000  STDMX = 0.00000  CEMX = 532.72887  FVMX = 0.00000
Total event loop time 1485.62018 simtracks 45682378 seedtracks 9551396
Running with n_threads=16, best_out_of=1
Running test_standard(), operation="read"
  vusize=8, num_th_sim=12, num_th_finder=16
  sizeof(Track)=256, sizeof(Hit)=40, sizeof(SVector3)=12, sizeof(SMatrixSym33)=24, sizeof(MCHitInfo)=16
- reading seeds from file
Constructing SimpleGeometry Cylinder geometry
TrackerInfo::ExecTrackerInfoCreatorPlugin processing 'Geoms/CMS-2017.so'
CMS-2017 -- Create_TrackerInfo finished
Opened file 'memoryFile.fv3.clean.writeAll.recT.072617.bin', format version 3, n_max_trk_hits 32, n_layers 72, n_events 4550
  Extra sections: Seeds CmsswTracks

================================================================
=== TOTAL for 4550 events
================================================================
Total Matriplex fit = 0.00000  --- Build  BHMX = 0.00000  STDMX = 0.00000  CEMX = 455.11634  FVMX = 0.00000
Total event > 1 fit = 0.00000  --- Build  BHMX = 0.00000  STDMX = 0.00000  CEMX = 455.01382  FVMX = 0.00000
Total event loop time 1397.60788 simtracks 45682378 seedtracks 9551396
Running with n_threads=16, best_out_of=1
Running test_standard(), operation="read"
  vusize=8, num_th_sim=12, num_th_finder=16
  sizeof(Track)=256, sizeof(Hit)=40, sizeof(SVector3)=12, sizeof(SMatrixSym33)=24, sizeof(MCHitInfo)=16
- reading seeds from file
Constructing SimpleGeometry Cylinder geometry
TrackerInfo::ExecTrackerInfoCreatorPlugin processing 'Geoms/CMS-2017.so'
CMS-2017 -- Create_TrackerInfo finished
Opened file 'memoryFile.fv3.clean.writeAll.recT.072617.bin', format version 3, n_max_trk_hits 32, n_layers 72, n_events 4550
  Extra sections: Seeds CmsswTracks

================================================================
=== TOTAL for 4550 events
================================================================
Total Matriplex fit = 0.00000  --- Build  BHMX = 0.00000  STDMX = 0.00000  CEMX = 447.76624  FVMX = 0.00000
Total event > 1 fit = 0.00000  --- Build  BHMX = 0.00000  STDMX = 0.00000  CEMX = 447.64980  FVMX = 0.00000
Total event loop time 1387.90310 simtracks 45682378 seedtracks 9551396
Running with n_threads=16, best_out_of=1
Running test_standard(), operation="read"
  vusize=8, num_th_sim=12, num_th_finder=16
  sizeof(Track)=256, sizeof(Hit)=40, sizeof(SVector3)=12, sizeof(SMatrixSym33)=24, sizeof(MCHitInfo)=16
- reading seeds from file
Constructing SimpleGeometry Cylinder geometry
/home/users/gravelle/taucmdr-enterprise-2/system/tau/tau-2.27/x86_64/bin/tau_exec: line 1087: 275230 Segmentation fault      (core dumped) $dryrun $@
mv: cannot stat ‘MULTI__TIME’: No such file or directory
mv: cannot stat ‘MULTI__PAPI_TLB_DM’: No such file or directory
Running with n_threads=32, best_out_of=1
Running test_standard(), operation="read"
  vusize=8, num_th_sim=12, num_th_finder=32
  sizeof(Track)=256, sizeof(Hit)=40, sizeof(SVector3)=12, sizeof(SMatrixSym33)=24, sizeof(MCHitInfo)=16
- reading seeds from file
Constructing SimpleGeometry Cylinder geometry
TrackerInfo::ExecTrackerInfoCreatorPlugin processing 'Geoms/CMS-2017.so'
CMS-2017 -- Create_TrackerInfo finished
Opened file 'memoryFile.fv3.clean.writeAll.recT.072617.bin', format version 3, n_max_trk_hits 32, n_layers 72, n_events 4550
  Extra sections: Seeds CmsswTracks

================================================================
=== TOTAL for 4550 events
================================================================
Total Matriplex fit = 0.00000  --- Build  BHMX = 0.00000  STDMX = 0.00000  CEMX = 350.33921  FVMX = 0.00000
Total event > 1 fit = 0.00000  --- Build  BHMX = 0.00000  STDMX = 0.00000  CEMX = 350.25262  FVMX = 0.00000
Total event loop time 1316.83794 simtracks 45682378 seedtracks 9551396
Running with n_threads=32, best_out_of=1
Running test_standard(), operation="read"
  vusize=8, num_th_sim=12, num_th_finder=32
  sizeof(Track)=256, sizeof(Hit)=40, sizeof(SVector3)=12, sizeof(SMatrixSym33)=24, sizeof(MCHitInfo)=16
- reading seeds from file
Constructing SimpleGeometry Cylinder geometry
TrackerInfo::ExecTrackerInfoCreatorPlugin processing 'Geoms/CMS-2017.so'
CMS-2017 -- Create_TrackerInfo finished
Opened file 'memoryFile.fv3.clean.writeAll.recT.072617.bin', format version 3, n_max_trk_hits 32, n_layers 72, n_events 4550
  Extra sections: Seeds CmsswTracks

================================================================
=== TOTAL for 4550 events
================================================================
Total Matriplex fit = 0.00000  --- Build  BHMX = 0.00000  STDMX = 0.00000  CEMX = 354.57952  FVMX = 0.00000
Total event > 1 fit = 0.00000  --- Build  BHMX = 0.00000  STDMX = 0.00000  CEMX = 354.51021  FVMX = 0.00000
Total event loop time 1311.85543 simtracks 45682378 seedtracks 9551396
Running with n_threads=32, best_out_of=1
Running test_standard(), operation="read"
  vusize=8, num_th_sim=12, num_th_finder=32
  sizeof(Track)=256, sizeof(Hit)=40, sizeof(SVector3)=12, sizeof(SMatrixSym33)=24, sizeof(MCHitInfo)=16
- reading seeds from file
Constructing SimpleGeometry Cylinder geometry
/home/users/gravelle/taucmdr-enterprise-2/system/tau/tau-2.27/x86_64/bin/tau_exec: line 1087: 276511 Segmentation fault      (core dumped) $dryrun $@
mv: cannot stat ‘MULTI__TIME’: No such file or directory
mv: cannot stat ‘MULTI__PAPI_TLB_DM’: No such file or directory
Running with n_threads=64, best_out_of=1
Running test_standard(), operation="read"
  vusize=8, num_th_sim=12, num_th_finder=64
  sizeof(Track)=256, sizeof(Hit)=40, sizeof(SVector3)=12, sizeof(SMatrixSym33)=24, sizeof(MCHitInfo)=16
- reading seeds from file
Constructing SimpleGeometry Cylinder geometry
/home/users/gravelle/taucmdr-enterprise-2/system/tau/tau-2.27/x86_64/bin/tau_exec: line 1087: 276761 Segmentation fault      (core dumped) $dryrun $@
mv: cannot stat ‘MULTI__TIME’: No such file or directory
mv: cannot stat ‘MULTI__PAPI_TLB_DM’: No such file or directory
Running with n_threads=64, best_out_of=1
Running test_standard(), operation="read"
  vusize=8, num_th_sim=12, num_th_finder=64
  sizeof(Track)=256, sizeof(Hit)=40, sizeof(SVector3)=12, sizeof(SMatrixSym33)=24, sizeof(MCHitInfo)=16
- reading seeds from file
Constructing SimpleGeometry Cylinder geometry
TrackerInfo::ExecTrackerInfoCreatorPlugin processing 'Geoms/CMS-2017.so'
CMS-2017 -- Create_TrackerInfo finished
Opened file 'memoryFile.fv3.clean.writeAll.recT.072617.bin', format version 3, n_max_trk_hits 32, n_layers 72, n_events 4550
  Extra sections: Seeds CmsswTracks

================================================================
=== TOTAL for 4550 events
================================================================
Total Matriplex fit = 0.00000  --- Build  BHMX = 0.00000  STDMX = 0.00000  CEMX = 277.71038  FVMX = 0.00000
Total event > 1 fit = 0.00000  --- Build  BHMX = 0.00000  STDMX = 0.00000  CEMX = 277.59254  FVMX = 0.00000
Total event loop time 1272.96682 simtracks 45682378 seedtracks 9551396
Running with n_threads=64, best_out_of=1
Running test_standard(), operation="read"
  vusize=8, num_th_sim=12, num_th_finder=64
  sizeof(Track)=256, sizeof(Hit)=40, sizeof(SVector3)=12, sizeof(SMatrixSym33)=24, sizeof(MCHitInfo)=16
- reading seeds from file
Constructing SimpleGeometry Cylinder geometry
/home/users/gravelle/taucmdr-enterprise-2/system/tau/tau-2.27/x86_64/bin/tau_exec: line 1087: 277709 Segmentation fault      (core dumped) $dryrun $@
mv: cannot stat ‘MULTI__TIME’: No such file or directory
mv: cannot stat ‘MULTI__PAPI_TLB_DM’: No such file or directory
Running with n_threads=128, best_out_of=1
Running test_standard(), operation="read"
  vusize=8, num_th_sim=12, num_th_finder=128
  sizeof(Track)=256, sizeof(Hit)=40, sizeof(SVector3)=12, sizeof(SMatrixSym33)=24, sizeof(MCHitInfo)=16
- reading seeds from file
Constructing SimpleGeometry Cylinder geometry
TrackerInfo::ExecTrackerInfoCreatorPlugin processing 'Geoms/CMS-2017.so'
CMS-2017 -- Create_TrackerInfo finished
Opened file 'memoryFile.fv3.clean.writeAll.recT.072617.bin', format version 3, n_max_trk_hits 32, n_layers 72, n_events 4550
  Extra sections: Seeds CmsswTracks

================================================================
=== TOTAL for 4550 events
================================================================
Total Matriplex fit = 0.00000  --- Build  BHMX = 0.00000  STDMX = 0.00000  CEMX = 2356.54094  FVMX = 0.00000
Total event > 1 fit = 0.00000  --- Build  BHMX = 0.00000  STDMX = 0.00000  CEMX = 2356.26370  FVMX = 0.00000
Total event loop time 12275.99855 simtracks 45682378 seedtracks 9551396
Running with n_threads=128, best_out_of=1
Running test_standard(), operation="read"
  vusize=8, num_th_sim=12, num_th_finder=128
  sizeof(Track)=256, sizeof(Hit)=40, sizeof(SVector3)=12, sizeof(SMatrixSym33)=24, sizeof(MCHitInfo)=16
- reading seeds from file
Constructing SimpleGeometry Cylinder geometry
/home/users/gravelle/taucmdr-enterprise-2/system/tau/tau-2.27/x86_64/bin/tau_exec: line 1087: 291423 Terminated              $dryrun $@
mv: cannot stat ‘MULTI__TIME’: No such file or directory
mv: cannot stat ‘MULTI__PAPI_TLB_DM’: No such file or directory
Running with n_threads=128, best_out_of=1
Running test_standard(), operation="read"
  vusize=8, num_th_sim=12, num_th_finder=128
  sizeof(Track)=256, sizeof(Hit)=40, sizeof(SVector3)=12, sizeof(SMatrixSym33)=24, sizeof(MCHitInfo)=16
- reading seeds from file
Constructing SimpleGeometry Cylinder geometry
/home/users/gravelle/taucmdr-enterprise-2/system/tau/tau-2.27/x86_64/bin/tau_exec: line 1087: 295000 Terminated              $dryrun $@
mv: cannot stat ‘MULTI__TIME’: No such file or directory
mv: cannot stat ‘MULTI__PAPI_TLB_DM’: No such file or directory
Running with n_threads=192, best_out_of=1
Running test_standard(), operation="read"
  vusize=8, num_th_sim=12, num_th_finder=192
  sizeof(Track)=256, sizeof(Hit)=40, sizeof(SVector3)=12, sizeof(SMatrixSym33)=24, sizeof(MCHitInfo)=16
- reading seeds from file
Constructing SimpleGeometry Cylinder geometry
/home/users/gravelle/taucmdr-enterprise-2/system/tau/tau-2.27/x86_64/bin/tau_exec: line 1087: 295240 Terminated              $dryrun $@
mv: cannot stat ‘MULTI__TIME’: No such file or directory
mv: cannot stat ‘MULTI__PAPI_TLB_DM’: No such file or directory
Running with n_threads=192, best_out_of=1
Running test_standard(), operation="read"
  vusize=8, num_th_sim=12, num_th_finder=192
  sizeof(Track)=256, sizeof(Hit)=40, sizeof(SVector3)=12, sizeof(SMatrixSym33)=24, sizeof(MCHitInfo)=16
- reading seeds from file
Constructing SimpleGeometry Cylinder geometry
/home/users/gravelle/taucmdr-enterprise-2/system/tau/tau-2.27/x86_64/bin/tau_exec: line 1087: 295544 Terminated              $dryrun $@
mv: cannot stat ‘MULTI__TIME’: No such file or directory
mv: cannot stat ‘MULTI__PAPI_TLB_DM’: No such file or directory
Running with n_threads=192, best_out_of=1
Running test_standard(), operation="read"
  vusize=8, num_th_sim=12, num_th_finder=192
  sizeof(Track)=256, sizeof(Hit)=40, sizeof(SVector3)=12, sizeof(SMatrixSym33)=24, sizeof(MCHitInfo)=16
- reading seeds from file
Constructing SimpleGeometry Cylinder geometry
/home/users/gravelle/taucmdr-enterprise-2/system/tau/tau-2.27/x86_64/bin/tau_exec: line 1087: 295859 Terminated              $dryrun $@
