Running with n_threads=2, best_out_of=1
Running test_standard(), operation="read"
  vusize=8, num_th_sim=12, num_th_finder=2
  sizeof(Track)=256, sizeof(Hit)=40, sizeof(SVector3)=12, sizeof(SMatrixSym33)=24, sizeof(MCHitInfo)=16
- reading seeds from file
Constructing SimpleGeometry Cylinder geometry
Running with n_threads=2, best_out_of=1
Running test_standard(), operation="read"
  vusize=8, num_th_sim=12, num_th_finder=2
  sizeof(Track)=256, sizeof(Hit)=40, sizeof(SVector3)=12, sizeof(SMatrixSym33)=24, sizeof(MCHitInfo)=16
- reading seeds from file
Constructing SimpleGeometry Cylinder geometry
TrackerInfo::ExecTrackerInfoCreatorPlugin processing 'Geoms/CMS-2017.so'
CMS-2017 -- Create_TrackerInfo finished
Opened file 'TTbar70PU-memoryFile.fv3.clean.writeAll.recT.072617.bin', format version 3, n_max_trk_hits 32, n_layers 72, n_events 100
  Extra sections: Seeds CmsswTracks

================================================================
=== TOTAL for 10 events
================================================================
Total Matriplex fit = 0.00000  --- Build  BHMX = 0.00000  STDMX = 0.00000  CEMX = 1.48520  FVMX = 0.00000
Total event > 1 fit = 0.00000  --- Build  BHMX = 0.00000  STDMX = 0.00000  CEMX = 1.19673  FVMX = 0.00000
Total event loop time 2.18997 simtracks 96133 seedtracks 19585
TrackerInfo::ExecTrackerInfoCreatorPlugin processing 'Geoms/CMS-2017.so'
CMS-2017 -- Create_TrackerInfo finished
Opened file 'TTbar70PU-memoryFile.fv3.clean.writeAll.recT.072617.bin', format version 3, n_max_trk_hits 32, n_layers 72, n_events 100
  Extra sections: Seeds CmsswTracks

================================================================
=== TOTAL for 10 events
================================================================
Total Matriplex fit = 0.00000  --- Build  BHMX = 0.00000  STDMX = 0.00000  CEMX = 1.52571  FVMX = 0.00000
Total event > 1 fit = 0.00000  --- Build  BHMX = 0.00000  STDMX = 0.00000  CEMX = 1.23659  FVMX = 0.00000
Total event loop time 2.22967 simtracks 96133 seedtracks 19585
